<?xml version="1.0" encoding="UTF-8"?>
<!-- Generated by org.testng.reporters.JUnitXMLReporter -->
<testsuite hostname="DDC2-L-F2DF37H" name="Run All Tests" tests="3" failures="0" timestamp="22 Feb 2021 15:59:05 GMT" time="131.099" errors="0">
  <testcase name="feature" time="126.163" classname="main.CucumberRunner"/>
  <testcase name="feature" time="3.922" classname="main.CucumberRunner"/>
  <testcase name="feature" time="0.696" classname="main.CucumberRunner"/>
</testsuite> <!-- Run All Tests -->
