<?xml version="1.0" encoding="UTF-8"?>
<testng-results skipped="0" failed="0" total="3" passed="3">
  <reporter-output>
  </reporter-output>
  <suite name="Testng Cucumber Suite" duration-ms="131099" started-at="2021-02-22T15:56:54Z" finished-at="2021-02-22T15:59:05Z">
    <groups>
      <group name="cucumber">
        <method signature="AbstractTestNGCucumberTests.feature(cucumber.api.testng.CucumberFeatureWrapper)[pri:0, instance:main.CucumberRunner@5f341870]" name="feature" class="cucumber.api.testng.AbstractTestNGCucumberTests"/>
      </group> <!-- cucumber -->
    </groups>
    <test name="Run All Tests" duration-ms="131099" started-at="2021-02-22T15:56:54Z" finished-at="2021-02-22T15:59:05Z">
      <class name="main.CucumberRunner">
        <test-method status="PASS" signature="setUp()[pri:0, instance:main.CucumberRunner@5f341870]" name="setUp" is-config="true" duration-ms="86" started-at="2021-02-22T21:26:54Z" finished-at="2021-02-22T21:26:54Z">
          <reporter-output>
          </reporter-output>
        </test-method> <!-- setUp -->
        <test-method status="PASS" signature="setUpClass()[pri:0, instance:main.CucumberRunner@5f341870]" name="setUpClass" is-config="true" duration-ms="214" started-at="2021-02-22T21:26:54Z" finished-at="2021-02-22T21:26:54Z">
          <reporter-output>
          </reporter-output>
        </test-method> <!-- setUpClass -->
        <test-method status="PASS" signature="feature(cucumber.api.testng.CucumberFeatureWrapper)[pri:0, instance:main.CucumberRunner@5f341870]" name="feature" duration-ms="126163" started-at="2021-02-22T21:26:54Z" description="Runs Cucumber Feature" data-provider="features" finished-at="2021-02-22T21:29:00Z">
          <params>
            <param index="0">
              <value>
                <![CDATA[Get Weather Details from UI]]>
              </value>
            </param>
          </params>
          <reporter-output>
          </reporter-output>
        </test-method> <!-- feature -->
        <test-method status="PASS" signature="feature(cucumber.api.testng.CucumberFeatureWrapper)[pri:0, instance:main.CucumberRunner@5f341870]" name="feature" duration-ms="3922" started-at="2021-02-22T21:29:00Z" description="Runs Cucumber Feature" data-provider="features" finished-at="2021-02-22T21:29:04Z">
          <params>
            <param index="0">
              <value>
                <![CDATA[Get Weather Details from API]]>
              </value>
            </param>
          </params>
          <reporter-output>
          </reporter-output>
        </test-method> <!-- feature -->
        <test-method status="PASS" signature="feature(cucumber.api.testng.CucumberFeatureWrapper)[pri:0, instance:main.CucumberRunner@5f341870]" name="feature" duration-ms="696" started-at="2021-02-22T21:29:04Z" description="Runs Cucumber Feature" data-provider="features" finished-at="2021-02-22T21:29:05Z">
          <params>
            <param index="0">
              <value>
                <![CDATA[Temperature Comparator]]>
              </value>
            </param>
          </params>
          <reporter-output>
          </reporter-output>
        </test-method> <!-- feature -->
        <test-method status="PASS" signature="tearDownClass()[pri:0, instance:main.CucumberRunner@5f341870]" name="tearDownClass" is-config="true" duration-ms="23" started-at="2021-02-22T21:29:05Z" finished-at="2021-02-22T21:29:05Z">
          <reporter-output>
          </reporter-output>
        </test-method> <!-- tearDownClass -->
        <test-method status="PASS" signature="quit()[pri:0, instance:main.CucumberRunner@5f341870]" name="quit" is-config="true" duration-ms="1" started-at="2021-02-22T21:29:05Z" finished-at="2021-02-22T21:29:05Z">
          <reporter-output>
          </reporter-output>
        </test-method> <!-- quit -->
      </class> <!-- main.CucumberRunner -->
    </test> <!-- Run All Tests -->
  </suite> <!-- Testng Cucumber Suite -->
</testng-results>
